Warning: Design 'top' has '4' unresolved references. For more detailed information, use the "link" command. (UID-341)
 
****************************************
Report : timing
        -path full
        -delay max
        -max_paths 1
Design : top
Version: T-2022.03
Date   : Fri Nov 25 13:59:59 2022
****************************************

 # A fanout number of 1000 was used for high fanout net computations.

Operating Conditions: WCCOM   Library: fsa0m_a_generic_core_ss1p62v125c
Wire Load Model Mode: enclosed

  Startpoint: CPU_wrapper/CPU/id_exe_register1/ID_rs2_addr_reg[4]
              (rising edge-triggered flip-flop clocked by clk)
  Endpoint: CPU_wrapper/CPU/if1/PC/pc_out_reg[31]
            (rising edge-triggered flip-flop clocked by clk)
  Path Group: clk
  Path Type: max

  Des/Clust/Port     Wire Load Model       Library
  ------------------------------------------------
  top                enG1000K              fsa0m_a_generic_core_ss1p62v125c
  CPU                enG30K                fsa0m_a_generic_core_ss1p62v125c
  Forwarding_Unit    enG5K                 fsa0m_a_generic_core_ss1p62v125c
  ALU                enG5K                 fsa0m_a_generic_core_ss1p62v125c
  ALU_DW01_add_0_DW01_add_4
                     enG5K                 fsa0m_a_generic_core_ss1p62v125c
  IF                 enG5K                 fsa0m_a_generic_core_ss1p62v125c
  ProgramCounter     enG5K                 fsa0m_a_generic_core_ss1p62v125c

  Point                                                   Incr       Path
  --------------------------------------------------------------------------
  clock clk (rise edge)                                   0.00       0.00
  clock network delay (ideal)                             1.00       1.00
  CPU_wrapper/CPU/id_exe_register1/ID_rs2_addr_reg[4]/CK (QDFFRBN)
                                                          0.00 #     1.00 r
  CPU_wrapper/CPU/id_exe_register1/ID_rs2_addr_reg[4]/Q (QDFFRBN)
                                                          0.50       1.50 r
  CPU_wrapper/CPU/id_exe_register1/ID_rs2_addr[4] (ID_EXE_register)
                                                          0.00       1.50 r
  CPU_wrapper/CPU/fowarding_unit1/ID_rs2_addr[4] (Forwarding_Unit)
                                                          0.00       1.50 r
  CPU_wrapper/CPU/fowarding_unit1/U10/O (XOR2H)           0.20       1.71 r
  CPU_wrapper/CPU/fowarding_unit1/U8/O (NR3HP)            0.15       1.86 f
  CPU_wrapper/CPU/fowarding_unit1/U7/O (AN3T)             0.36       2.21 f
  CPU_wrapper/CPU/fowarding_unit1/U4/O (AN4B1)            0.12       2.33 r
  CPU_wrapper/CPU/fowarding_unit1/U9/O (AN4P)             0.24       2.57 r
  CPU_wrapper/CPU/fowarding_unit1/Fowardingrs2[1] (Forwarding_Unit)
                                                          0.00       2.57 r
  CPU_wrapper/CPU/alu1/Fowardingrs2[1] (ALU)              0.00       2.57 r
  CPU_wrapper/CPU/alu1/U67/O (BUF8CK)                     0.22       2.79 r
  CPU_wrapper/CPU/alu1/U58/O (NR2)                        0.09       2.88 f
  CPU_wrapper/CPU/alu1/U54/O (BUF3)                       0.33       3.21 f
  CPU_wrapper/CPU/alu1/U259/O (AO222S)                    0.64       3.84 f
  CPU_wrapper/CPU/alu1/U71/O (MAOI1H)                     0.81       4.66 r
  CPU_wrapper/CPU/alu1/U59/O (INV2)                       0.21       4.87 f
  CPU_wrapper/CPU/alu1/add_76/B[2] (ALU_DW01_add_0_DW01_add_4)
                                                          0.00       4.87 f
  CPU_wrapper/CPU/alu1/add_76/U1_2/CO (FA1S)              0.57       5.45 f
  CPU_wrapper/CPU/alu1/add_76/U1_3/CO (FA1S)              0.49       5.94 f
  CPU_wrapper/CPU/alu1/add_76/U1_4/CO (FA1S)              0.50       6.44 f
  CPU_wrapper/CPU/alu1/add_76/U1_5/CO (FA1S)              0.50       6.94 f
  CPU_wrapper/CPU/alu1/add_76/U1_6/CO (FA1S)              0.50       7.44 f
  CPU_wrapper/CPU/alu1/add_76/U1_7/CO (FA1S)              0.50       7.94 f
  CPU_wrapper/CPU/alu1/add_76/U1_8/CO (FA1S)              0.50       8.44 f
  CPU_wrapper/CPU/alu1/add_76/U1_9/CO (FA1S)              0.50       8.94 f
  CPU_wrapper/CPU/alu1/add_76/U1_10/CO (FA1S)             0.50       9.44 f
  CPU_wrapper/CPU/alu1/add_76/U1_11/CO (FA1S)             0.50       9.93 f
  CPU_wrapper/CPU/alu1/add_76/U1_12/CO (FA1S)             0.50      10.43 f
  CPU_wrapper/CPU/alu1/add_76/U1_13/CO (FA1S)             0.50      10.93 f
  CPU_wrapper/CPU/alu1/add_76/U1_14/CO (FA1S)             0.50      11.43 f
  CPU_wrapper/CPU/alu1/add_76/U1_15/CO (FA1S)             0.50      11.93 f
  CPU_wrapper/CPU/alu1/add_76/U1_16/CO (FA1S)             0.50      12.43 f
  CPU_wrapper/CPU/alu1/add_76/U1_17/CO (FA1S)             0.50      12.93 f
  CPU_wrapper/CPU/alu1/add_76/U1_18/CO (FA1S)             0.50      13.43 f
  CPU_wrapper/CPU/alu1/add_76/U1_19/CO (FA1S)             0.50      13.93 f
  CPU_wrapper/CPU/alu1/add_76/U1_20/CO (FA1S)             0.50      14.42 f
  CPU_wrapper/CPU/alu1/add_76/U1_21/CO (FA1S)             0.50      14.92 f
  CPU_wrapper/CPU/alu1/add_76/U1_22/CO (FA1S)             0.50      15.42 f
  CPU_wrapper/CPU/alu1/add_76/U1_23/CO (FA1S)             0.50      15.92 f
  CPU_wrapper/CPU/alu1/add_76/U1_24/CO (FA1S)             0.50      16.42 f
  CPU_wrapper/CPU/alu1/add_76/U1_25/CO (FA1S)             0.50      16.92 f
  CPU_wrapper/CPU/alu1/add_76/U1_26/CO (FA1S)             0.50      17.42 f
  CPU_wrapper/CPU/alu1/add_76/U1_27/CO (FA1S)             0.50      17.92 f
  CPU_wrapper/CPU/alu1/add_76/U1_28/CO (FA1S)             0.50      18.41 f
  CPU_wrapper/CPU/alu1/add_76/U1_29/CO (FA1S)             0.50      18.91 f
  CPU_wrapper/CPU/alu1/add_76/U1_30/CO (FA1S)             0.47      19.39 f
  CPU_wrapper/CPU/alu1/add_76/U1_31/O (XOR3)              0.36      19.74 f
  CPU_wrapper/CPU/alu1/add_76/SUM[31] (ALU_DW01_add_0_DW01_add_4)
                                                          0.00      19.74 f
  CPU_wrapper/CPU/alu1/U63/O (AOI22H)                     0.24      19.98 r
  CPU_wrapper/CPU/alu1/U64/O (ND3P)                       0.14      20.12 f
  CPU_wrapper/CPU/alu1/pc_immrs1[31] (ALU)                0.00      20.12 f
  CPU_wrapper/CPU/if1/pc_immrs1[31] (IF)                  0.00      20.12 f
  CPU_wrapper/CPU/if1/U11/O (AO222)                       0.44      20.56 f
  CPU_wrapper/CPU/if1/PC/pc_in[31] (ProgramCounter)       0.00      20.56 f
  CPU_wrapper/CPU/if1/PC/U3/O (MOAI1H)                    0.22      20.78 f
  CPU_wrapper/CPU/if1/PC/pc_out_reg[31]/D (QDFFRBN)       0.00      20.78 f
  data arrival time                                                 20.78

  clock clk (rise edge)                                  20.00      20.00
  clock network delay (ideal)                             1.00      21.00
  clock uncertainty                                      -0.10      20.90
  CPU_wrapper/CPU/if1/PC/pc_out_reg[31]/CK (QDFFRBN)      0.00      20.90 r
  library setup time                                     -0.12      20.78
  data required time                                                20.78
  --------------------------------------------------------------------------
  data required time                                                20.78
  data arrival time                                                -20.78
  --------------------------------------------------------------------------
  slack (MET)                                                        0.00


1
